<?xml version="1.0" encoding="UTF-8"?>
<!-- Generated by org.testng.reporters.JUnitXMLReporter -->
<testsuite hostname="STI-PNQ137" ignored="0" name="Test" tests="4" failures="0" timestamp="18 Mar 2020 08:19:55 GMT" time="196.57" errors="0">
  <testcase name="testcases_document_count" time="42.864" classname="main_test_case.Demo_Test_Cases"/>
  <testcase name="testcases_document_count" time="42.583" classname="main_test_case.Demo_Test_Cases"/>
  <testcase name="testcases_document_count" time="43.852" classname="main_test_case.Demo_Test_Cases"/>
  <testcase name="testcases_document_count" time="59.908" classname="main_test_case.Demo_Test_Cases"/>
</testsuite> <!-- Test -->
